2024-02-25 09:58:26,063:INFO:Chrome WebDriver started
2024-02-25 09:58:26,323:INFO:Navigated to Sauce Demo
2024-02-25 09:58:28,473:INFO:Performed login as standard_user
2024-02-25 09:58:30,474:INFO:Check Prices test was not executed
2024-02-25 09:58:30,474:INFO:Add backpack test was not executed
2024-02-25 09:58:30,474:INFO:Add Bike Light test was not executed
2024-02-25 09:58:30,474:INFO:Add Bolt T-Shirt test was not executed
2024-02-25 09:58:30,474:INFO:Add Fleece Jacket test was not executed
2024-02-25 09:58:30,474:INFO:Add Onesie test was not executed
2024-02-25 09:58:30,475:INFO:Add Test.allTheThings() T-Shirt (Red) test was not executed
2024-02-25 09:58:32,476:INFO:Remove backpack test was not executed
2024-02-25 09:58:32,476:INFO:Remove Bike Light test was not executed
2024-02-25 09:58:32,476:INFO:Remove Bolt T-Shirt test was not executed
2024-02-25 09:58:32,476:INFO:Remove Fleece Jacket test was not executed
2024-02-25 09:58:32,476:INFO:Remove Onesie test was not executed
2024-02-25 09:58:32,476:INFO:Remove Test.allTheThings() T-Shirt (Red) test was not executed
2024-02-25 09:58:32,476:INFO:Logout test was not executed
2024-02-25 09:58:34,542:INFO:WebDriver closed
2024-02-25 09:58:35,822:INFO:Some tests were not executed: Check Prices, Add backpack, Add Bike Light, Add Bolt T-Shirt, Add Fleece Jacket, Add Onesie, Add Test.allTheThings() T-Shirt (Red), Remove backpack, Remove Bike Light, Remove Bolt T-Shirt, Remove Fleece Jacket, Remove Onesie, Remove Test.allTheThings() T-Shirt (Red), Logout
2024-02-25 09:58:57,567:INFO:Firefox WebDriver started
2024-02-25 09:58:57,935:INFO:Navigated to Sauce Demo
2024-02-25 09:59:00,226:INFO:Performed login as standard_user
2024-02-25 09:59:02,240:INFO:Item found: Sauce Labs Backpack with price: $29.99
2024-02-25 09:59:02,251:INFO:Item found: Sauce Labs Bike Light with price: $9.99
2024-02-25 09:59:02,260:INFO:Item found: Sauce Labs Bolt T-Shirt with price: $15.99
2024-02-25 09:59:02,270:INFO:Item found: Sauce Labs Fleece Jacket with price: $49.99
2024-02-25 09:59:02,279:INFO:Item found: Sauce Labs Onesie with price: $7.99
2024-02-25 09:59:02,290:INFO:Item found: Test.allTheThings() T-Shirt (Red) with price: $15.99
2024-02-25 09:59:02,511:INFO:Successfully added backpack to the cart in 0.21 seconds
2024-02-25 09:59:02,723:INFO:Successfully added Bike Light to the cart in 0.21 seconds
2024-02-25 09:59:02,934:INFO:Successfully added Bolt T-Shirt to the cart in 0.21 seconds
2024-02-25 09:59:03,145:INFO:Successfully added Fleece Jacket to the cart in 0.21 seconds
2024-02-25 09:59:03,358:INFO:Successfully added Onesie to the cart in 0.21 seconds
2024-02-25 09:59:03,569:INFO:Successfully added Test.allTheThings() T-Shirt (Red) to the cart in 0.21 seconds
2024-02-25 09:59:06,029:INFO:Successfully removed backpack from the cart
2024-02-25 09:59:06,449:INFO:Successfully removed Bike Light from the cart
2024-02-25 09:59:06,866:INFO:Successfully removed Bolt T-Shirt from the cart
2024-02-25 09:59:07,282:INFO:Successfully removed Fleece Jacket from the cart
2024-02-25 09:59:07,698:INFO:Successfully removed Onesie from the cart
2024-02-25 09:59:08,115:INFO:Successfully removed Test.allTheThings() T-Shirt (Red) from the cart
2024-02-25 09:59:09,341:INFO:Burger menu opened successfully
2024-02-25 09:59:09,550:INFO:Logout successful
2024-02-25 09:59:14,980:INFO:WebDriver closed
2024-02-25 09:59:28,573:INFO:Edge WebDriver started
2024-02-25 09:59:28,906:INFO:Navigated to Sauce Demo
2024-02-25 09:59:30,908:ERROR:An error occurred during the test execution: Message: no such window: target window already closed
from unknown error: web view not found
  (Session info: MicrosoftEdge=122.0.2365.52)
Stacktrace:
	GetHandleVerifier [0x00007FF7A9175D42+55138]
	Microsoft::Applications::Events::ILogConfiguration::operator* [0x00007FF7A91021C2+219010]
	(No symbol) [0x00007FF7A8F33407]
	(No symbol) [0x00007FF7A8F10AB7]
	(No symbol) [0x00007FF7A8F9F019]
	(No symbol) [0x00007FF7A8FB1892]
	(No symbol) [0x00007FF7A8F98A73]
	(No symbol) [0x00007FF7A8F6E53E]
	(No symbol) [0x00007FF7A8F6D6FC]
	(No symbol) [0x00007FF7A8F6E0F1]
	Microsoft::Applications::Events::EventProperty::to_string [0x00007FF7A932ED2C+1067068]
	(No symbol) [0x00007FF7A8FE33C6]
	(No symbol) [0x00007FF7A907CFAC]
	(No symbol) [0x00007FF7A9074978]
	Microsoft::Applications::Events::EventProperty::to_string [0x00007FF7A932DC75+1062789]
	Microsoft::Applications::Events::ILogConfiguration::operator* [0x00007FF7A910BBB1+258417]
	Microsoft::Applications::Events::ILogConfiguration::operator* [0x00007FF7A9106AB4+237684]
	Microsoft::Applications::Events::ILogConfiguration::operator* [0x00007FF7A9106BEF+237999]
	Microsoft::Applications::Events::ILogConfiguration::operator* [0x00007FF7A90FD6A1+199777]
	BaseThreadInitThunk [0x00007FF9C060257D+29]
	RtlUserThreadStart [0x00007FF9C0FEAA58+40]
Traceback (most recent call last):
  File "c:\Users\Martin\Desktop\automation\automation.py", line 102, in run_test
    driver.find_element(By.ID, "user-name").send_keys(selected_user)
    ^^^^^^^^^^^^^^^^^^^^^^^^^^^^^^^^^^^^^^^
  File "C:\Users\Martin\AppData\Local\Programs\Python\Python312\Lib\site-packages\selenium\webdriver\remote\webdriver.py", line 741, in find_element
    return self.execute(Command.FIND_ELEMENT, {"using": by, "value": value})["value"]
           ^^^^^^^^^^^^^^^^^^^^^^^^^^^^^^^^^^^^^^^^^^^^^^^^^^^^^^^^^^^^^^^^^
  File "C:\Users\Martin\AppData\Local\Programs\Python\Python312\Lib\site-packages\selenium\webdriver\remote\webdriver.py", line 347, in execute
    self.error_handler.check_response(response)
  File "C:\Users\Martin\AppData\Local\Programs\Python\Python312\Lib\site-packages\selenium\webdriver\remote\errorhandler.py", line 229, in check_response
    raise exception_class(message, screen, stacktrace)
selenium.common.exceptions.NoSuchWindowException: Message: no such window: target window already closed
from unknown error: web view not found
  (Session info: MicrosoftEdge=122.0.2365.52)
Stacktrace:
	GetHandleVerifier [0x00007FF7A9175D42+55138]
	Microsoft::Applications::Events::ILogConfiguration::operator* [0x00007FF7A91021C2+219010]
	(No symbol) [0x00007FF7A8F33407]
	(No symbol) [0x00007FF7A8F10AB7]
	(No symbol) [0x00007FF7A8F9F019]
	(No symbol) [0x00007FF7A8FB1892]
	(No symbol) [0x00007FF7A8F98A73]
	(No symbol) [0x00007FF7A8F6E53E]
	(No symbol) [0x00007FF7A8F6D6FC]
	(No symbol) [0x00007FF7A8F6E0F1]
	Microsoft::Applications::Events::EventProperty::to_string [0x00007FF7A932ED2C+1067068]
	(No symbol) [0x00007FF7A8FE33C6]
	(No symbol) [0x00007FF7A907CFAC]
	(No symbol) [0x00007FF7A9074978]
	Microsoft::Applications::Events::EventProperty::to_string [0x00007FF7A932DC75+1062789]
	Microsoft::Applications::Events::ILogConfiguration::operator* [0x00007FF7A910BBB1+258417]
	Microsoft::Applications::Events::ILogConfiguration::operator* [0x00007FF7A9106AB4+237684]
	Microsoft::Applications::Events::ILogConfiguration::operator* [0x00007FF7A9106BEF+237999]
	Microsoft::Applications::Events::ILogConfiguration::operator* [0x00007FF7A90FD6A1+199777]
	BaseThreadInitThunk [0x00007FF9C060257D+29]
	RtlUserThreadStart [0x00007FF9C0FEAA58+40]

2024-02-25 09:59:32,977:INFO:WebDriver closed
2024-02-25 09:59:41,599:INFO:Chrome WebDriver started
2024-02-25 09:59:41,827:INFO:Navigated to Sauce Demo
2024-02-25 09:59:43,972:INFO:Performed login as standard_user
2024-02-25 09:59:46,000:INFO:Item found: Sauce Labs Backpack with price: $29.99
2024-02-25 09:59:46,015:INFO:Item found: Sauce Labs Bike Light with price: $9.99
2024-02-25 09:59:46,029:INFO:Item found: Sauce Labs Bolt T-Shirt with price: $15.99
2024-02-25 09:59:46,044:INFO:Item found: Sauce Labs Fleece Jacket with price: $49.99
2024-02-25 09:59:46,058:INFO:Item found: Sauce Labs Onesie with price: $7.99
2024-02-25 09:59:46,073:INFO:Item found: Test.allTheThings() T-Shirt (Red) with price: $15.99
2024-02-25 09:59:46,105:INFO:Successfully added backpack to the cart in 0.03 seconds
2024-02-25 09:59:46,136:INFO:Successfully added Bike Light to the cart in 0.03 seconds
2024-02-25 09:59:46,168:INFO:Successfully added Bolt T-Shirt to the cart in 0.03 seconds
2024-02-25 09:59:46,199:INFO:Successfully added Fleece Jacket to the cart in 0.03 seconds
2024-02-25 09:59:46,230:INFO:Successfully added Onesie to the cart in 0.03 seconds
2024-02-25 09:59:46,261:INFO:Successfully added Test.allTheThings() T-Shirt (Red) to the cart in 0.03 seconds
2024-02-25 09:59:48,501:INFO:Successfully removed backpack from the cart
2024-02-25 09:59:48,739:INFO:Successfully removed Bike Light from the cart
2024-02-25 09:59:48,978:INFO:Successfully removed Bolt T-Shirt from the cart
2024-02-25 09:59:49,214:INFO:Successfully removed Fleece Jacket from the cart
2024-02-25 09:59:49,453:INFO:Successfully removed Onesie from the cart
2024-02-25 09:59:49,689:INFO:Successfully removed Test.allTheThings() T-Shirt (Red) from the cart
2024-02-25 09:59:49,689:ERROR:An error occurred during the test execution: Message: no such window: target window already closed
from unknown error: web view not found
  (Session info: chrome=122.0.6261.70)
Stacktrace:
	GetHandleVerifier [0x00007FF728994C82+3505170]
	(No symbol) [0x00007FF7285C0852]
	(No symbol) [0x00007FF728474145]
	(No symbol) [0x00007FF728451D4C]
	(No symbol) [0x00007FF7284E25F7]
	(No symbol) [0x00007FF7284F7A61]
	(No symbol) [0x00007FF7284DBC33]
	(No symbol) [0x00007FF7284AD618]
	(No symbol) [0x00007FF7284AE6B1]
	GetHandleVerifier [0x00007FF7289C67DD+3708781]
	GetHandleVerifier [0x00007FF728A1FC5D+4074477]
	GetHandleVerifier [0x00007FF728A17DDF+4042095]
	GetHandleVerifier [0x00007FF7286EA136+708806]
	(No symbol) [0x00007FF7285CCB0F]
	(No symbol) [0x00007FF7285C7D14]
	(No symbol) [0x00007FF7285C7E6C]
	(No symbol) [0x00007FF7285B79A4]
	BaseThreadInitThunk [0x00007FF9C060257D+29]
	RtlUserThreadStart [0x00007FF9C0FEAA58+40]
Traceback (most recent call last):
  File "c:\Users\Martin\Desktop\automation\automation.py", line 260, in run_test
    WebDriverWait(driver, 10).until(EC.element_to_be_clickable((By.XPATH, burger_menu_btn_xpath))).click()
    ^^^^^^^^^^^^^^^^^^^^^^^^^^^^^^^^^^^^^^^^^^^^^^^^^^^^^^^^^^^^^^^^^^^^^^^^^^^^^^^^^^^^^^^^^^^^^^
  File "C:\Users\Martin\AppData\Local\Programs\Python\Python312\Lib\site-packages\selenium\webdriver\support\wait.py", line 96, in until
    value = method(self._driver)
            ^^^^^^^^^^^^^^^^^^^^
  File "C:\Users\Martin\AppData\Local\Programs\Python\Python312\Lib\site-packages\selenium\webdriver\support\expected_conditions.py", line 363, in _predicate
    target = driver.find_element(*target)  # grab element at locator
             ^^^^^^^^^^^^^^^^^^^^^^^^^^^^
  File "C:\Users\Martin\AppData\Local\Programs\Python\Python312\Lib\site-packages\selenium\webdriver\remote\webdriver.py", line 741, in find_element
    return self.execute(Command.FIND_ELEMENT, {"using": by, "value": value})["value"]
           ^^^^^^^^^^^^^^^^^^^^^^^^^^^^^^^^^^^^^^^^^^^^^^^^^^^^^^^^^^^^^^^^^
  File "C:\Users\Martin\AppData\Local\Programs\Python\Python312\Lib\site-packages\selenium\webdriver\remote\webdriver.py", line 347, in execute
    self.error_handler.check_response(response)
  File "C:\Users\Martin\AppData\Local\Programs\Python\Python312\Lib\site-packages\selenium\webdriver\remote\errorhandler.py", line 229, in check_response
    raise exception_class(message, screen, stacktrace)
selenium.common.exceptions.NoSuchWindowException: Message: no such window: target window already closed
from unknown error: web view not found
  (Session info: chrome=122.0.6261.70)
Stacktrace:
	GetHandleVerifier [0x00007FF728994C82+3505170]
	(No symbol) [0x00007FF7285C0852]
	(No symbol) [0x00007FF728474145]
	(No symbol) [0x00007FF728451D4C]
	(No symbol) [0x00007FF7284E25F7]
	(No symbol) [0x00007FF7284F7A61]
	(No symbol) [0x00007FF7284DBC33]
	(No symbol) [0x00007FF7284AD618]
	(No symbol) [0x00007FF7284AE6B1]
	GetHandleVerifier [0x00007FF7289C67DD+3708781]
	GetHandleVerifier [0x00007FF728A1FC5D+4074477]
	GetHandleVerifier [0x00007FF728A17DDF+4042095]
	GetHandleVerifier [0x00007FF7286EA136+708806]
	(No symbol) [0x00007FF7285CCB0F]
	(No symbol) [0x00007FF7285C7D14]
	(No symbol) [0x00007FF7285C7E6C]
	(No symbol) [0x00007FF7285B79A4]
	BaseThreadInitThunk [0x00007FF9C060257D+29]
	RtlUserThreadStart [0x00007FF9C0FEAA58+40]

2024-02-25 09:59:51,730:INFO:WebDriver closed
2024-02-25 10:06:39,370:INFO:Firefox WebDriver started
2024-02-25 10:06:39,737:INFO:Navigated to Sauce Demo
2024-02-25 10:06:42,009:INFO:Performed login as standard_user
2024-02-25 10:06:44,024:INFO:Item found: Sauce Labs Backpack with price: $29.99
2024-02-25 10:06:44,033:INFO:Item found: Sauce Labs Bike Light with price: $9.99
2024-02-25 10:06:44,043:INFO:Item found: Sauce Labs Bolt T-Shirt with price: $15.99
2024-02-25 10:06:44,053:INFO:Item found: Sauce Labs Fleece Jacket with price: $49.99
2024-02-25 10:06:44,062:INFO:Item found: Sauce Labs Onesie with price: $7.99
2024-02-25 10:06:44,072:INFO:Item found: Test.allTheThings() T-Shirt (Red) with price: $15.99
2024-02-25 10:06:44,283:INFO:Successfully added backpack to the cart in 0.21 seconds
2024-02-25 10:06:44,493:INFO:Successfully added Bike Light to the cart in 0.21 seconds
2024-02-25 10:06:44,705:INFO:Successfully added Bolt T-Shirt to the cart in 0.21 seconds
2024-02-25 10:06:44,916:INFO:Successfully added Fleece Jacket to the cart in 0.21 seconds
2024-02-25 10:06:45,127:INFO:Successfully added Onesie to the cart in 0.21 seconds
2024-02-25 10:06:45,339:INFO:Successfully added Test.allTheThings() T-Shirt (Red) to the cart in 0.21 seconds
2024-02-25 10:06:47,759:INFO:Successfully removed backpack from the cart
2024-02-25 10:06:48,183:INFO:Successfully removed Bike Light from the cart
2024-02-25 10:06:48,603:INFO:Successfully removed Bolt T-Shirt from the cart
2024-02-25 10:06:49,022:INFO:Successfully removed Fleece Jacket from the cart
2024-02-25 10:06:49,441:INFO:Successfully removed Onesie from the cart
2024-02-25 10:06:49,859:INFO:Successfully removed Test.allTheThings() T-Shirt (Red) from the cart
2024-02-25 10:06:51,084:INFO:Burger menu opened successfully
2024-02-25 10:06:51,294:INFO:Logout successful
2024-02-25 10:06:56,788:INFO:WebDriver closed
